loading necessary modules

Lmod is automatically replacing "intel/2020.1.217" with "gcc/9.3.0".


Due to MODULEPATH changes, the following have been reloaded:
  1) openmpi/4.0.3

path to the genome file: ../data/NEW-GCF_905237065.1_Ssal_v3.1_genomic.fna
path to the snp fasta file to be processed: ../data/snp_sequence_records_220k.fasta
number of cores being used: 32
writing outputs to folder: ../data/alignment_outputs/
[bwa_index] Pack FASTA... 23.02 sec
[bwa_index] Construct BWT for the packed sequence...
[BWTIncCreate] textLength=5513168206, availableWord=399926768
[BWTIncConstructFromPacked] 10 iterations done. 99999998 characters processed.
[BWTIncConstructFromPacked] 20 iterations done. 199999998 characters processed.
[BWTIncConstructFromPacked] 30 iterations done. 299999998 characters processed.
[BWTIncConstructFromPacked] 40 iterations done. 399999998 characters processed.
[BWTIncConstructFromPacked] 50 iterations done. 499999998 characters processed.
[BWTIncConstructFromPacked] 60 iterations done. 599999998 characters processed.
[BWTIncConstructFromPacked] 70 iterations done. 699999998 characters processed.
[BWTIncConstructFromPacked] 80 iterations done. 799999998 characters processed.
[BWTIncConstructFromPacked] 90 iterations done. 899999998 characters processed.
[BWTIncConstructFromPacked] 100 iterations done. 999999998 characters processed.
[BWTIncConstructFromPacked] 110 iterations done. 1099999998 characters processed.
[BWTIncConstructFromPacked] 120 iterations done. 1199999998 characters processed.
[BWTIncConstructFromPacked] 130 iterations done. 1299999998 characters processed.
[BWTIncConstructFromPacked] 140 iterations done. 1399999998 characters processed.
[BWTIncConstructFromPacked] 150 iterations done. 1499999998 characters processed.
[BWTIncConstructFromPacked] 160 iterations done. 1599999998 characters processed.
[BWTIncConstructFromPacked] 170 iterations done. 1699999998 characters processed.
[BWTIncConstructFromPacked] 180 iterations done. 1799999998 characters processed.
[BWTIncConstructFromPacked] 190 iterations done. 1899999998 characters processed.
[BWTIncConstructFromPacked] 200 iterations done. 1999999998 characters processed.
[BWTIncConstructFromPacked] 210 iterations done. 2099999998 characters processed.
[BWTIncConstructFromPacked] 220 iterations done. 2199999998 characters processed.
[BWTIncConstructFromPacked] 230 iterations done. 2299999998 characters processed.
[BWTIncConstructFromPacked] 240 iterations done. 2399999998 characters processed.
[BWTIncConstructFromPacked] 250 iterations done. 2499999998 characters processed.
[BWTIncConstructFromPacked] 260 iterations done. 2599999998 characters processed.
[BWTIncConstructFromPacked] 270 iterations done. 2699999998 characters processed.
[BWTIncConstructFromPacked] 280 iterations done. 2799999998 characters processed.
[BWTIncConstructFromPacked] 290 iterations done. 2899999998 characters processed.
[BWTIncConstructFromPacked] 300 iterations done. 2999999998 characters processed.
[BWTIncConstructFromPacked] 310 iterations done. 3099999998 characters processed.
[BWTIncConstructFromPacked] 320 iterations done. 3199999998 characters processed.
[BWTIncConstructFromPacked] 330 iterations done. 3299999998 characters processed.
[BWTIncConstructFromPacked] 340 iterations done. 3399999998 characters processed.
[BWTIncConstructFromPacked] 350 iterations done. 3499999998 characters processed.
[BWTIncConstructFromPacked] 360 iterations done. 3599999998 characters processed.
[BWTIncConstructFromPacked] 370 iterations done. 3699999998 characters processed.
[BWTIncConstructFromPacked] 380 iterations done. 3799999998 characters processed.
[BWTIncConstructFromPacked] 390 iterations done. 3899999998 characters processed.
[BWTIncConstructFromPacked] 400 iterations done. 3999999998 characters processed.
[BWTIncConstructFromPacked] 410 iterations done. 4099999998 characters processed.
[BWTIncConstructFromPacked] 420 iterations done. 4199999998 characters processed.
[BWTIncConstructFromPacked] 430 iterations done. 4299999998 characters processed.
[BWTIncConstructFromPacked] 440 iterations done. 4399999998 characters processed.
